
======================================================================
  SCRAPER GAMBAR RESEP - COOKPAD INDONESIA
  Kategori: 2 jenis
  Target per kategori: 200 gambar
  Output: C:\laragon\www\jivara\dataScience\data_mentah\Scraping Image Data Imbalance\cookpad_rendang_pempek_200
======================================================================

[1/2] Kategori: 'rendang daging'
  Query: rendang daging
  Folder: C:\laragon\www\jivara\dataScience\data_mentah\Scraping Image Data Imbalance\cookpad_rendang_pempek_200\rendang_daging
  Mengumpulkan link resep...
    Halaman 1: 30 link ditemukan (total: 30)
    Halaman 2: 30 link ditemukan (total: 60)
    Halaman 3: 30 link ditemukan (total: 90)
    Halaman 4: 30 link ditemukan (total: 120)
    Halaman 5: 30 link ditemukan (total: 150)
    Halaman 6: 30 link ditemukan (total: 180)
    Halaman 7: 30 link ditemukan (total: 210)
    Halaman 8: 30 link ditemukan (total: 240)
    Halaman 9: 30 link ditemukan (total: 270)
    Halaman 10: 30 link ditemukan (total: 300)
    Halaman 11: 30 link ditemukan (total: 330)
    Halaman 12: 30 link ditemukan (total: 360)
    Halaman 13: 30 link ditemukan (total: 390)
    Halaman 14: 30 link ditemukan (total: 420)
    Halaman 15: 30 link ditemukan (total: 450)
    Halaman 16: 30 link ditemukan (total: 480)
    Halaman 17: 30 link ditemukan (total: 510)
    Halaman 18: 30 link ditemukan (total: 540)
    Halaman 19: 30 link ditemukan (total: 570)
    Halaman 20: 30 link ditemukan (total: 600)
    Halaman 21: 30 link ditemukan (total: 630)
    Halaman 22: 30 link ditemukan (total: 660)
    Halaman 23: 30 link ditemukan (total: 690)
    Halaman 24: 30 link ditemukan (total: 720)
    Halaman 25: 30 link ditemukan (total: 750)
    Halaman 26: 30 link ditemukan (total: 780)
    Halaman 27: 30 link ditemukan (total: 810)
    Halaman 28: 30 link ditemukan (total: 840)
    Halaman 29: 30 link ditemukan (total: 870)
    Halaman 30: 30 link ditemukan (total: 900)
  Total link: 900
  Mengunduh gambar...
    [1/200] rendang_daging_001.jpg [OK]
    [2/200] rendang_daging_002.jpg [OK]
    [3/200] rendang_daging_003.jpg [OK]
    [4/200] rendang_daging_004.jpg [OK]
    [5/200] rendang_daging_005.jpg [OK]
    [6/200] rendang_daging_006.jpg [OK]
    [7/200] rendang_daging_007.jpg [OK]
    [8/200] rendang_daging_008.jpg [OK]
    [9/200] rendang_daging_009.jpg [OK]
    [10/200] rendang_daging_010.jpg [OK]
    [11/200] rendang_daging_011.jpg [OK]
    [12/200] rendang_daging_012.jpg [OK]
    [13/200] rendang_daging_013.jpg [OK]
    [14/200] rendang_daging_014.jpg [OK]
    [15/200] rendang_daging_015.jpg [OK]
    [16/200] rendang_daging_016.jpg [OK]
    [17/200] rendang_daging_017.jpg [OK]
    [18/200] rendang_daging_018.jpg [OK]
    [19/200] rendang_daging_019.jpg [OK]
    [20/200] rendang_daging_020.jpg [OK]
    [21/200] rendang_daging_021.jpg [OK]
    [22/200] rendang_daging_022.jpg [OK]
    [23/200] rendang_daging_023.jpg [OK]
    [24/200] rendang_daging_024.jpg [OK]
    [25/200] rendang_daging_025.jpg [OK]
    [26/200] rendang_daging_026.jpg [OK]
    [27/200] rendang_daging_027.jpg [OK]
    [28/200] rendang_daging_028.jpg [OK]
    [29/200] rendang_daging_029.jpg [OK]
    [30/200] rendang_daging_030.jpg [OK]
    [31/200] rendang_daging_031.jpg [OK]
    [32/200] rendang_daging_032.jpg [OK]
    [33/200] rendang_daging_033.jpg [OK]
    [34/200] rendang_daging_034.jpg [OK]
    [35/200] rendang_daging_035.jpg [OK]
    [36/200] rendang_daging_036.jpg [OK]
    [37/200] rendang_daging_037.jpg [OK]
    [38/200] rendang_daging_038.jpg [OK]
    [39/200] rendang_daging_039.jpg [OK]
    [40/200] rendang_daging_040.jpg [OK]
    [41/200] rendang_daging_041.jpg [OK]
    [42/200] rendang_daging_042.jpg [OK]
    [43/200] rendang_daging_043.jpg [OK]
    [44/200] rendang_daging_044.jpg [OK]
    [45/200] rendang_daging_045.jpg [OK]
    [46/200] rendang_daging_046.jpg [OK]
    [47/200] rendang_daging_047.jpg [OK]
    [48/200] rendang_daging_048.jpg [OK]
    [49/200] rendang_daging_049.jpg [OK]
    [50/200] rendang_daging_050.jpg [OK]
    [51/200] rendang_daging_051.jpg [OK]
    [52/200] rendang_daging_052.jpg [OK]
    [53/200] rendang_daging_053.jpg [OK]
    [54/200] rendang_daging_054.jpg [OK]
    [55/200] rendang_daging_055.jpg [OK]
    [56/200] rendang_daging_056.jpg [OK]
    [57/200] rendang_daging_057.jpg [OK]
    [58/200] rendang_daging_058.jpg [OK]
    [59/200] rendang_daging_059.jpg [OK]
    [60/200] rendang_daging_060.jpg [OK]
    [61/200] rendang_daging_061.jpg [OK]
    [62/200] rendang_daging_062.jpg [OK]
    [63/200] rendang_daging_063.jpg [OK]
    [64/200] rendang_daging_064.jpg [OK]
    [65/200] rendang_daging_065.jpg [OK]
    [66/200] rendang_daging_066.jpg [OK]
    [67/200] rendang_daging_067.jpg [OK]
    [68/200] rendang_daging_068.jpg [OK]
    [69/200] rendang_daging_069.jpg [OK]
    [70/200] rendang_daging_070.jpg [OK]
    [71/200] rendang_daging_071.jpg [OK]
    [72/200] rendang_daging_072.jpg [OK]
    [73/200] rendang_daging_073.jpg [OK]
    [74/200] rendang_daging_074.jpg [OK]
    [75/200] rendang_daging_075.jpg [OK]
    [76/200] rendang_daging_076.jpg [OK]
    [77/200] rendang_daging_077.jpg [OK]
    [78/200] rendang_daging_078.jpg [OK]
    [79/200] rendang_daging_079.jpg [OK]
    [80/200] rendang_daging_080.jpg [OK]
    [81/200] rendang_daging_081.jpg [OK]
    [82/200] rendang_daging_082.jpg [OK]
    [83/200] rendang_daging_083.jpg [OK]
    [84/200] rendang_daging_084.jpg [OK]
    [85/200] rendang_daging_085.jpg [OK]
    [86/200] rendang_daging_086.jpg [OK]
    [87/200] rendang_daging_087.jpg [OK]
    [88/200] rendang_daging_088.jpg [OK]
    [89/200] rendang_daging_089.jpg [OK]
    [90/200] rendang_daging_090.jpg [OK]
    [91/200] rendang_daging_091.jpg [OK]
    [92/200] rendang_daging_092.jpg [OK]
    [93/200] rendang_daging_093.jpg [OK]
    [94/200] rendang_daging_094.jpg [OK]
    [95/200] rendang_daging_095.jpg [OK]
    [96/200] rendang_daging_096.jpg [OK]
    [97/200] rendang_daging_097.jpg [OK]
    [98/200] rendang_daging_098.jpg [OK]
    [99/200] rendang_daging_099.jpg [OK]
    [100/200] rendang_daging_100.jpg [OK]
    [101/200] rendang_daging_101.jpg [OK]
    [102/200] rendang_daging_102.jpg [OK]
    [103/200] rendang_daging_103.jpg [OK]
    [104/200] rendang_daging_104.jpg [OK]
    [105/200] rendang_daging_105.jpg [OK]
    [106/200] rendang_daging_106.jpg [OK]
    [107/200] rendang_daging_107.jpg [OK]
    [108/200] rendang_daging_108.jpg [OK]
    [109/200] rendang_daging_109.jpg [OK]
    [110/200] rendang_daging_110.jpg [OK]
    [111/200] rendang_daging_111.jpg [OK]
    [112/200] rendang_daging_112.jpg [OK]
    [113/200] rendang_daging_113.jpg [OK]
    [114/200] rendang_daging_114.jpg [OK]
    [115/200] rendang_daging_115.jpg [OK]
    [116/200] rendang_daging_116.jpg [OK]
    [117/200] rendang_daging_117.jpg [OK]
    [118/200] rendang_daging_118.jpg [OK]
    [119/200] rendang_daging_119.jpg [OK]
    [120/200] rendang_daging_120.jpg [OK]
    [121/200] rendang_daging_121.jpg [OK]
    [122/200] rendang_daging_122.jpg [OK]
    [123/200] rendang_daging_123.jpg [OK]
    [124/200] rendang_daging_124.jpg [OK]
    [125/200] rendang_daging_125.jpg [OK]
    [126/200] rendang_daging_126.jpg [OK]
    [127/200] rendang_daging_127.jpg [OK]
    [128/200] rendang_daging_128.jpg [OK]
    [129/200] rendang_daging_129.jpg [OK]
    [130/200] rendang_daging_130.jpg [OK]
    [131/200] rendang_daging_131.jpg [OK]
    [132/200] rendang_daging_132.jpg [OK]
    [133/200] rendang_daging_133.jpg [OK]
    [134/200] rendang_daging_134.jpg [OK]
    [135/200] rendang_daging_135.jpg [OK]
    [136/200] rendang_daging_136.jpg [OK]
    [137/200] rendang_daging_137.jpg [OK]
    [138/200] rendang_daging_138.jpg [OK]
    [139/200] rendang_daging_139.jpg [OK]
    [140/200] rendang_daging_140.jpg [OK]
    [141/200] rendang_daging_141.jpg [OK]
    [142/200] rendang_daging_142.jpg [OK]
    [143/200] rendang_daging_143.jpg [OK]
    [144/200] rendang_daging_144.jpg [OK]
    [145/200] rendang_daging_145.jpg [OK]
    [146/200] rendang_daging_146.jpg [OK]
    [147/200] rendang_daging_147.jpg [OK]
    [148/200] rendang_daging_148.jpg [OK]
    [149/200] rendang_daging_149.jpg [OK]
    [150/200] rendang_daging_150.jpg [OK]
    [151/200] rendang_daging_151.jpg [OK]
    [152/200] rendang_daging_152.jpg [OK]
    [153/200] rendang_daging_153.jpg [OK]
    [154/200] rendang_daging_154.jpg [OK]
    [155/200] rendang_daging_155.jpg [OK]
    [156/200] rendang_daging_156.jpg [OK]
    [157/200] rendang_daging_157.jpg [OK]
    [158/200] rendang_daging_158.jpg [OK]
    [159/200] rendang_daging_159.jpg [OK]
    [160/200] rendang_daging_160.jpg [OK]
    [161/200] rendang_daging_161.jpg [OK]
    [162/200] rendang_daging_162.jpg [OK]
    [163/200] rendang_daging_163.jpg [OK]
    [164/200] rendang_daging_164.jpg [OK]
    [165/200] rendang_daging_165.jpg [OK]
    [166/200] rendang_daging_166.jpg [OK]
    [167/200] rendang_daging_167.jpg [OK]
    [168/200] rendang_daging_168.jpg [OK]
    [169/200] rendang_daging_169.jpg [OK]
    [170/200] rendang_daging_170.jpg [OK]
    [171/200] rendang_daging_171.jpg [OK]
    [172/200] rendang_daging_172.jpg [OK]
    [173/200] rendang_daging_173.jpg [OK]
    [174/200] rendang_daging_174.jpg [OK]
    [175/200] rendang_daging_175.jpg [OK]
    [176/200] rendang_daging_176.jpg [OK]
    [177/200] rendang_daging_177.jpg [OK]
    [178/200] rendang_daging_178.jpg [OK]
    [179/200] rendang_daging_179.jpg [OK]
    [180/200] rendang_daging_180.jpg [OK]
    [181/200] rendang_daging_181.jpg [OK]
    [182/200] rendang_daging_182.jpg [OK]
    [183/200] rendang_daging_183.jpg [OK]
    [184/200] rendang_daging_184.jpg [OK]
    [185/200] rendang_daging_185.jpg [OK]
    [186/200] rendang_daging_186.jpg [OK]
    [187/200] rendang_daging_187.jpg [OK]
    [188/200] rendang_daging_188.jpg [OK]
    [189/200] rendang_daging_189.jpg [OK]
    [190/200] rendang_daging_190.jpg [OK]
    [191/200] rendang_daging_191.jpg [OK]
    [192/200] rendang_daging_192.jpg [OK]
    [193/200] rendang_daging_193.jpg [OK]
    [194/200] rendang_daging_194.jpg [OK]
    [195/200] rendang_daging_195.jpg [OK]
    [196/200] rendang_daging_196.jpg [OK]
    [197/200] rendang_daging_197.jpg [OK]
    [198/200] rendang_daging_198.jpg [OK]
    [199/200] rendang_daging_199.jpg [OK]
    [200/200] rendang_daging_200.jpg [OK]
  Target tercapai (200/200)
  [OK] Baru: 200, Total: 200, Gagal: 0

[2/2] Kategori: 'pempek'
  Query: pempek
  Folder: C:\laragon\www\jivara\dataScience\data_mentah\Scraping Image Data Imbalance\cookpad_rendang_pempek_200\pempek
  Mengumpulkan link resep...
    Halaman 1: 30 link ditemukan (total: 30)
    Halaman 2: 30 link ditemukan (total: 60)
    Halaman 3: 30 link ditemukan (total: 90)
    Halaman 4: 30 link ditemukan (total: 120)
    Halaman 5: 30 link ditemukan (total: 150)
    Halaman 6: 30 link ditemukan (total: 180)
    Halaman 7: 30 link ditemukan (total: 210)
    Halaman 8: 30 link ditemukan (total: 240)
    Halaman 9: 30 link ditemukan (total: 270)
    Halaman 10: 30 link ditemukan (total: 300)
    Halaman 11: 30 link ditemukan (total: 330)
    Halaman 12: 30 link ditemukan (total: 360)
    Halaman 13: 30 link ditemukan (total: 390)
    Halaman 14: 30 link ditemukan (total: 420)
    Halaman 15: 30 link ditemukan (total: 450)
    Halaman 16: 30 link ditemukan (total: 480)
    Halaman 17: 30 link ditemukan (total: 510)
    Halaman 18: 30 link ditemukan (total: 540)
    Halaman 19: 30 link ditemukan (total: 570)
    Halaman 20: 30 link ditemukan (total: 600)
    Halaman 21: 30 link ditemukan (total: 630)
    Halaman 22: 30 link ditemukan (total: 660)
    Halaman 23: 30 link ditemukan (total: 690)
    Halaman 24: 30 link ditemukan (total: 720)
    Halaman 25: 30 link ditemukan (total: 750)
    Halaman 26: 30 link ditemukan (total: 780)
    Halaman 27: 30 link ditemukan (total: 810)
    Halaman 28: 30 link ditemukan (total: 840)
    Halaman 29: 30 link ditemukan (total: 870)
    Halaman 30: 30 link ditemukan (total: 900)
  Total link: 900
  Mengunduh gambar...
    [1/200] pempek_001.jpg [OK]
    [2/200] pempek_002.jpg [OK]
    [3/200] pempek_003.jpg [OK]
    [4/200] pempek_004.jpg [OK]
    [5/200] pempek_005.jpg [OK]
    [6/200] pempek_006.jpg [OK]
    [7/200] pempek_007.jpg [OK]
    [8/200] pempek_008.jpg [OK]
    [9/200] pempek_009.jpg [OK]
    [10/200] pempek_010.jpg [OK]
    [11/200] pempek_011.jpg [OK]
    [12/200] pempek_012.jpg [OK]
    [13/200] pempek_013.jpg [OK]
    [14/200] pempek_014.jpg [OK]
    [15/200] pempek_015.jpg [OK]
    [16/200] pempek_016.jpg [OK]
    [17/200] pempek_017.jpg [OK]
    [18/200] pempek_018.jpg [OK]
    [19/200] pempek_019.jpg [OK]
    [20/200] pempek_020.jpg [OK]
    [21/200] pempek_021.jpg [OK]
    [22/200] pempek_022.jpg [OK]
    [23/200] pempek_023.jpg [OK]
    [24/200] pempek_024.jpg [OK]
    [25/200] pempek_025.jpg [OK]
    [26/200] pempek_026.jpg [OK]
    [27/200] pempek_027.jpg [OK]
    [28/200] pempek_028.jpg [OK]
    [29/200] pempek_029.jpg [OK]
    [30/200] pempek_030.jpg [OK]
    [31/200] pempek_031.jpg [OK]
    [32/200] pempek_032.jpg [OK]
    [33/200] pempek_033.jpg [OK]
    [34/200] pempek_034.jpg [OK]
    [35/200] pempek_035.jpg [OK]
    [36/200] pempek_036.jpg [OK]
    [37/200] pempek_037.jpg [OK]
    [38/200] pempek_038.jpg [OK]
    [39/200] pempek_039.jpg [OK]
    [40/200] pempek_040.jpg [OK]
    [41/200] pempek_041.jpg [OK]
    [42/200] pempek_042.jpg [OK]
    [43/200] pempek_043.jpg [OK]
    [44/200] pempek_044.jpg [OK]
    [45/200] pempek_045.jpg [OK]
    [46/200] pempek_046.jpg [OK]
    [47/200] pempek_047.jpg [OK]
    [48/200] pempek_048.jpg [OK]
    [49/200] pempek_049.jpg [OK]
    [50/200] pempek_050.jpg [OK]
    [51/200] pempek_051.jpg [OK]
    [52/200] pempek_052.jpg [OK]
    [53/200] pempek_053.jpg [OK]
    [54/200] pempek_054.jpg [OK]
    [55/200] pempek_055.jpg [OK]
    [56/200] pempek_056.jpg [OK]
    [57/200] pempek_057.jpg [OK]
    [58/200] pempek_058.jpg [OK]
    [59/200] pempek_059.jpg [OK]
    [60/200] pempek_060.jpg [OK]
    [61/200] pempek_061.jpg [OK]
    [62/200] pempek_062.jpg [OK]
    [63/200] pempek_063.jpg [OK]
    [64/200] pempek_064.jpg [OK]
    [65/200] pempek_065.jpg [OK]
    [66/200] pempek_066.jpg [OK]
    [67/200] pempek_067.jpg [OK]
    [68/200] pempek_068.jpg [OK]
    [69/200] pempek_069.jpg [OK]
    [70/200] pempek_070.jpg [OK]
    [71/200] pempek_071.jpg [OK]
    [72/200] pempek_072.jpg [OK]
    [73/200] pempek_073.jpg [OK]
    [74/200] pempek_074.jpg [OK]
    [75/200] pempek_075.jpg [OK]
    [76/200] pempek_076.jpg [OK]
    [77/200] pempek_077.jpg [OK]
    [78/200] pempek_078.jpg [OK]
    [79/200] pempek_079.jpg [OK]
    [80/200] pempek_080.jpg [OK]
    [81/200] pempek_081.jpg [OK]
    [82/200] pempek_082.jpg [OK]
    [83/200] pempek_083.jpg [OK]
    [84/200] pempek_084.jpg [OK]
    [85/200] pempek_085.jpg [OK]
    [86/200] pempek_086.jpg [OK]
    [87/200] pempek_087.jpg [OK]
    [88/200] pempek_088.jpg [OK]
    [89/200] pempek_089.jpg [OK]
    [90/200] pempek_090.jpg [OK]
    [91/200] pempek_091.jpg [OK]
    [92/200] pempek_092.jpg [OK]
    [93/200] pempek_093.jpg [OK]
    [94/200] pempek_094.jpg [OK]
    [95/200] pempek_095.jpg [OK]
    [96/200] pempek_096.jpg [OK]
    [97/200] pempek_097.jpg [OK]
    [98/200] pempek_098.jpg [OK]
    [99/200] pempek_099.jpg [OK]
    [100/200] pempek_100.jpg [OK]
    [101/200] pempek_101.jpg [OK]
    [102/200] pempek_102.jpg [OK]
    [103/200] pempek_103.jpg [OK]
    [104/200] pempek_104.jpg [OK]
    [105/200] pempek_105.jpg [OK]
    [106/200] pempek_106.jpg [OK]
    [107/200] pempek_107.jpg [OK]
    [108/200] pempek_108.jpg [OK]
    [109/200] pempek_109.jpg [OK]
    [110/200] pempek_110.jpg [OK]
    [111/200] pempek_111.jpg [OK]
    [112/200] pempek_112.jpg [OK]
    [113/200] pempek_113.jpg [OK]
    [114/200] pempek_114.jpg [OK]
    [115/200] pempek_115.jpg [OK]
    [116/200] pempek_116.jpg [OK]
    [117/200] pempek_117.jpg [OK]
    [118/200] pempek_118.jpg [OK]
    [119/200] pempek_119.jpg [OK]
    [120/200] pempek_120.jpg [OK]
    [121/200] pempek_121.jpg [OK]
    [122/200] pempek_122.jpg [OK]
    [123/200] pempek_123.jpg [OK]
    [124/200] pempek_124.jpg [OK]
    [125/200] pempek_125.jpg [OK]
    [126/200] pempek_126.jpg [OK]
    [127/200] pempek_127.jpg [OK]
    [128/200] pempek_128.jpg [OK]
    [129/200] pempek_129.jpg [OK]
    [130/200] pempek_130.jpg [OK]
    [131/200] pempek_131.jpg [OK]
    [132/200] pempek_132.jpg [OK]
    [133/200] pempek_133.jpg [OK]
    [134/200] pempek_134.jpg [OK]
    [135/200] pempek_135.jpg [OK]
    [136/200] pempek_136.jpg [OK]
    [137/200] pempek_137.jpg [OK]
    [138/200] pempek_138.jpg [OK]
    [139/200] pempek_139.jpg [OK]
    [140/200] pempek_140.jpg [OK]
    [141/200] pempek_141.jpg [OK]
    [142/200] pempek_142.jpg [OK]
    [143/200] pempek_143.jpg [OK]
    [144/200] pempek_144.jpg [OK]
    [145/200] pempek_145.jpg [OK]
    [146/200] pempek_146.jpg [OK]
    [147/200] pempek_147.jpg [OK]
    [148/200] pempek_148.jpg [OK]
    [149/200] pempek_149.jpg [OK]
    [150/200] pempek_150.jpg [OK]
    [151/200] pempek_151.jpg [OK]
    [152/200] pempek_152.jpg [OK]
    [153/200] pempek_153.jpg [OK]
    [154/200] pempek_154.jpg [OK]
    [155/200] pempek_155.jpg [OK]
    [156/200] pempek_156.jpg [OK]
    [157/200] pempek_157.jpg [OK]
    [158/200] pempek_158.jpg [OK]
    [159/200] pempek_159.jpg [OK]
    [160/200] pempek_160.jpg [OK]
    [161/200] pempek_161.jpg [OK]
    [162/200] pempek_162.jpg [OK]
    [163/200] pempek_163.jpg [OK]
    [164/200] pempek_164.jpg [OK]
    [165/200] pempek_165.jpg [OK]
    [166/200] pempek_166.jpg [OK]
    [167/200] pempek_167.jpg [OK]
    [168/200] pempek_168.jpg [OK]
    [169/200] pempek_169.jpg [OK]
    [170/200] pempek_170.jpg [OK]
    [171/200] pempek_171.jpg [OK]
    [172/200] pempek_172.jpg [OK]
    [173/200] pempek_173.jpg [OK]
    [174/200] pempek_174.jpg [OK]
    [175/200] pempek_175.jpg [OK]
    [176/200] pempek_176.jpg [OK]
    [177/200] pempek_177.jpg [OK]
    [178/200] pempek_178.jpg [OK]
    [179/200] pempek_179.jpg [OK]
    [180/200] pempek_180.jpg [OK]
    [181/200] pempek_181.jpg [OK]
    [182/200] pempek_182.jpg [OK]
    [183/200] pempek_183.jpg [OK]
    [184/200] pempek_184.jpg [OK]
    [185/200] pempek_185.jpg [OK]
    [186/200] pempek_186.jpg [OK]
    [187/200] pempek_187.jpg [OK]
    [188/200] pempek_188.jpg [OK]
    [189/200] pempek_189.jpg [OK]
    [190/200] pempek_190.jpg [OK]
    [191/200] pempek_191.jpg [OK]
    [192/200] pempek_192.jpg [OK]
    [193/200] pempek_193.jpg [OK]
    [194/200] pempek_194.jpg [OK]
    [195/200] pempek_195.jpg [OK]
    [196/200] pempek_196.jpg [OK]
    [197/200] pempek_197.jpg [OK]
    [198/200] pempek_198.jpg [OK]
    [199/200] pempek_199.jpg [OK]
    [200/200] pempek_200.jpg [OK]
  Target tercapai (200/200)
  [OK] Baru: 200, Total: 200, Gagal: 0

======================================================================
  SELESAI!
======================================================================

